{"C:\\Users\\User\\Desktop\\IT\\Netology Automated testing\\Blok 7 web\\Fork DZ\\jsaqa-code\\7.2\\jest-puppeteer.config.js": {"path":"C:\\Users\\User\\Desktop\\IT\\Netology Automated testing\\Blok 7 web\\Fork DZ\\jsaqa-code\\7.2\\jest-puppeteer.config.js","statementMap":{"0":{"start":{"line":1,"column":0},"end":{"line":8,"column":4}}},"fnMap":{},"branchMap":{},"s":{"0":0},"f":{},"b":{}}
,"C:\\Users\\User\\Desktop\\IT\\Netology Automated testing\\Blok 7 web\\Fork DZ\\jsaqa-code\\7.2\\jest.config.js": {"path":"C:\\Users\\User\\Desktop\\IT\\Netology Automated testing\\Blok 7 web\\Fork DZ\\jsaqa-code\\7.2\\jest.config.js","statementMap":{"0":{"start":{"line":1,"column":0},"end":{"line":20,"column":2}}},"fnMap":{},"branchMap":{},"s":{"0":0},"f":{},"b":{}}
}
